<?xml version="1.0" encoding="UTF-8"?>
<coverage generated="1596331480944" clover="3.2.0">
  <project timestamp="1596331480944" name="All files">
    <metrics statements="17" coveredstatements="17" conditionals="0" coveredconditionals="0" methods="2" coveredmethods="2" elements="19" coveredelements="19" complexity="0" loc="17" ncloc="17" packages="1" files="1" classes="1"/>
    <file name="cipher.js" path="C:\Users\Windows10\Documents\PROYECTO 1\LIM013-cipher\src\cipher.js">
      <metrics statements="17" coveredstatements="17" conditionals="0" coveredconditionals="0" methods="2" coveredmethods="2"/>
      <line num="3" count="1" type="stmt"/>
      <line num="5" count="9" type="stmt"/>
      <line num="7" count="1" type="stmt"/>
      <line num="9" count="1" type="stmt"/>
      <line num="11" count="1" type="stmt"/>
      <line num="13" count="26" type="stmt"/>
      <line num="17" count="26" type="stmt"/>
      <line num="19" count="26" type="stmt"/>
      <line num="23" count="1" type="stmt"/>
      <line num="27" count="1" type="stmt"/>
      <line num="29" count="1" type="stmt"/>
      <line num="31" count="1" type="stmt"/>
      <line num="33" count="1" type="stmt"/>
      <line num="35" count="26" type="stmt"/>
      <line num="39" count="26" type="stmt"/>
      <line num="41" count="26" type="stmt"/>
      <line num="45" count="1" type="stmt"/>
    </file>
  </project>
</coverage>
