<?xml version="1.0" encoding="UTF-8"?>
<coverage generated="1596467633118" clover="3.2.0">
  <project timestamp="1596467633118" name="All files">
    <metrics statements="19" coveredstatements="18" conditionals="2" coveredconditionals="1" methods="2" coveredmethods="2" elements="23" coveredelements="21" complexity="0" loc="19" ncloc="19" packages="1" files="1" classes="1"/>
    <file name="cipher.js" path="C:\Users\Windows10\Documents\PROYECTO 1\LIM013-cipher\src\cipher.js">
      <metrics statements="19" coveredstatements="18" conditionals="2" coveredconditionals="1" methods="2" coveredmethods="2"/>
      <line num="3" count="1" type="stmt"/>
      <line num="5" count="9" type="stmt"/>
      <line num="7" count="1" type="stmt"/>
      <line num="9" count="1" type="stmt"/>
      <line num="11" count="1" type="stmt"/>
      <line num="13" count="26" type="stmt"/>
      <line num="16" count="26" type="cond" truecount="1" falsecount="1"/>
      <line num="18" count="26" type="stmt"/>
      <line num="20" count="26" type="stmt"/>
      <line num="22" count="0" type="stmt"/>
      <line num="27" count="1" type="stmt"/>
      <line num="31" count="1" type="stmt"/>
      <line num="33" count="1" type="stmt"/>
      <line num="35" count="1" type="stmt"/>
      <line num="37" count="1" type="stmt"/>
      <line num="39" count="26" type="stmt"/>
      <line num="43" count="26" type="stmt"/>
      <line num="45" count="26" type="stmt"/>
      <line num="49" count="1" type="stmt"/>
    </file>
  </project>
</coverage>
