{"C:\\Users\\Windows10\\Documents\\PROYECTO 1\\LIM013-cipher\\src\\cipher.js": {"path":"C:\\Users\\Windows10\\Documents\\PROYECTO 1\\LIM013-cipher\\src\\cipher.js","statementMap":{"0":{"start":{"line":3,"column":15},"end":{"line":57,"column":1}},"1":{"start":{"line":5,"column":4},"end":{"line":5,"column":34}},"2":{"start":{"line":7,"column":20},"end":{"line":7,"column":31}},"3":{"start":{"line":9,"column":19},"end":{"line":9,"column":30}},"4":{"start":{"line":11,"column":4},"end":{"line":25,"column":3}},"5":{"start":{"line":11,"column":15},"end":{"line":11,"column":16}},"6":{"start":{"line":13,"column":4},"end":{"line":13,"column":40}},"7":{"start":{"line":16,"column":4},"end":{"line":23,"column":5}},"8":{"start":{"line":18,"column":4},"end":{"line":18,"column":48}},"9":{"start":{"line":20,"column":4},"end":{"line":20,"column":50}},"10":{"start":{"line":22,"column":6},"end":{"line":22,"column":23}},"11":{"start":{"line":28,"column":4},"end":{"line":28,"column":30}},"12":{"start":{"line":32,"column":4},"end":{"line":32,"column":34}},"13":{"start":{"line":34,"column":20},"end":{"line":34,"column":31}},"14":{"start":{"line":36,"column":19},"end":{"line":36,"column":30}},"15":{"start":{"line":38,"column":4},"end":{"line":52,"column":3}},"16":{"start":{"line":38,"column":15},"end":{"line":38,"column":16}},"17":{"start":{"line":40,"column":4},"end":{"line":40,"column":40}},"18":{"start":{"line":43,"column":4},"end":{"line":50,"column":5}},"19":{"start":{"line":45,"column":4},"end":{"line":45,"column":56}},"20":{"start":{"line":47,"column":4},"end":{"line":47,"column":50}},"21":{"start":{"line":49,"column":6},"end":{"line":49,"column":24}},"22":{"start":{"line":55,"column":4},"end":{"line":55,"column":30}}},"fnMap":{"0":{"name":"(anonymous_0)","decl":{"start":{"line":4,"column":10},"end":{"line":4,"column":11}},"loc":{"start":{"line":4,"column":34},"end":{"line":29,"column":3}},"line":4},"1":{"name":"(anonymous_1)","decl":{"start":{"line":31,"column":10},"end":{"line":31,"column":11}},"loc":{"start":{"line":31,"column":34},"end":{"line":56,"column":3}},"line":31}},"branchMap":{"0":{"loc":{"start":{"line":16,"column":4},"end":{"line":23,"column":5}},"type":"if","locations":[{"start":{"line":16,"column":4},"end":{"line":23,"column":5}},{"start":{"line":16,"column":4},"end":{"line":23,"column":5}}],"line":16},"1":{"loc":{"start":{"line":43,"column":4},"end":{"line":50,"column":5}},"type":"if","locations":[{"start":{"line":43,"column":4},"end":{"line":50,"column":5}},{"start":{"line":43,"column":4},"end":{"line":50,"column":5}}],"line":43}},"s":{"0":1,"1":9,"2":1,"3":1,"4":1,"5":1,"6":26,"7":26,"8":26,"9":26,"10":0,"11":1,"12":1,"13":1,"14":1,"15":1,"16":1,"17":26,"18":26,"19":26,"20":26,"21":0,"22":1},"f":{"0":9,"1":1},"b":{"0":[26,0],"1":[26,0]},"_coverageSchema":"43e27e138ebf9cfc5966b082cf9a028302ed4184","hash":"2674ef450de4810661891c6a396359255649df4e"}
}
